<?xml version="1.0" encoding="UTF-8"?>
<testsuite name="com.system.util.collection.CollectionUtilTests" tests="1" skipped="0" failures="0" errors="0" timestamp="2016-05-02T20:21:02" hostname="d13f6241be57" time="0.001">
  <properties/>
  <testcase name="testApp" classname="com.system.util.collection.CollectionUtilTests" time="0.001"/>
  <system-out><![CDATA[Test Case 1
]]></system-out>
  <system-err><![CDATA[]]></system-err>
</testsuite>
