<?xml version="1.0" encoding="UTF-8"?>
<testsuite name="com.system.util.date.DateUtilsTest" tests="1" skipped="0" failures="0" errors="0" timestamp="2016-05-02T19:12:54" hostname="d13f6241be57" time="0.03">
  <properties/>
  <testcase name="testGetToday" classname="com.system.util.date.DateUtilsTest" time="0.03"/>
  <system-out><![CDATA[]]></system-out>
  <system-err><![CDATA[]]></system-err>
</testsuite>
